<?xml version="1.0" encoding="UTF-8"?>
<testsuite name="geektrust.ledger.PaymentRequestTest" tests="1" skipped="0" failures="0" errors="0" timestamp="2021-08-29T15:46:59" hostname="sukalyan-VivoBook-ASUSLaptop-X412FA-X412FA" time="0.008">
  <properties/>
  <testcase name="testUniqueIdentiferLoanRequest()" classname="geektrust.ledger.PaymentRequestTest" time="0.008"/>
  <system-out><![CDATA[]]></system-out>
  <system-err><![CDATA[]]></system-err>
</testsuite>
